<?xml version="1.0" encoding="UTF-8"?>
<testsuite name="CallerTest" tests="1" skipped="0" failures="0" errors="0" timestamp="2018-06-27T22:57:28" hostname="MBP-de-Hugo" time="0.027">
  <properties/>
  <testcase name="checkDates" classname="CallerTest" time="0.027"/>
  <system-out><![CDATA[]]></system-out>
  <system-err><![CDATA[]]></system-err>
</testsuite>
