<?xml version="1.0" encoding="UTF-8"?>
<testsuite name="CallerTest" tests="1" skipped="0" failures="0" errors="0" timestamp="2018-06-28T11:34:29" hostname="hviana-P2540UA" time="0.015">
  <properties/>
  <testcase name="checkDates" classname="CallerTest" time="0.015"/>
  <system-out><![CDATA[]]></system-out>
  <system-err><![CDATA[]]></system-err>
</testsuite>
