<?xml version="1.0" encoding="UTF-8"?>
<testsuite name="FileProcessorTest" tests="1" skipped="0" failures="0" errors="0" timestamp="2018-06-28T11:34:29" hostname="hviana-P2540UA" time="0.002">
  <properties/>
  <testcase name="checkFileCorrect" classname="FileProcessorTest" time="0.002"/>
  <system-out><![CDATA[Problems with file, maybe it does not exist
]]></system-out>
  <system-err><![CDATA[]]></system-err>
</testsuite>
